# project ns (3.26) configured on Thu Dec  6 15:47:34 2018 by
# waf 1.8.19 (abi 98, python 2070cf0 on linux2)
# using ./waf configure --boost-includes=/home/jgottard/ns-3/boost_1_54_0/include --boost-libs=/home/jgottard/ns-3/boost_1_54_0
#
----------------------------------------
Setting top to
/home/jgottard/ns-3/ns-3.26
----------------------------------------
Setting out to
/home/jgottard/ns-3/ns-3.26/build
----------------------------------------
Checking for 'gcc' (C compiler)
find program=['gcc', 'cc'] paths=['/home/jgottard/ns-3/ns-3.26/build/src/fd-net-device', '/home/jgottard/ns-3/ns-3.26/build/src/tap-bridge', '/home/jgottard/ns-3/ns-3.26', '/export/alt/torque/bin', '/export/alt/torque/sbin', '/usr/lib/jvm/java-6-openjdk/bin', '/usr/share/ant/bin', '/export/alt/condor/bin', '/usr/local/cuda/bin', '/bin', '/usr/bin'] var='CC' -> ['/usr/bin/gcc']
['/usr/bin/gcc', '-dM', '-E', '-']
out: #define __SSP_STRONG__ 3
#define __DBL_MIN_EXP__ (-1021)
#define __UINT_LEAST16_MAX__ 0xffff
#define __ATOMIC_ACQUIRE 2
#define __FLT_MIN__ 1.17549435082228750797e-38F
#define __GCC_IEC_559_COMPLEX 2
#define __UINT_LEAST8_TYPE__ unsigned char
#define __SIZEOF_FLOAT80__ 16
#define __INTMAX_C(c) c ## L
#define __CHAR_BIT__ 8
#define __UINT8_MAX__ 0xff
#define __WINT_MAX__ 0xffffffffU
#define __ORDER_LITTLE_ENDIAN__ 1234
#define __SIZE_MAX__ 0xffffffffffffffffUL
#define __WCHAR_MAX__ 0x7fffffff
#define __GCC_HAVE_SYNC_COMPARE_AND_SWAP_1 1
#define __GCC_HAVE_SYNC_COMPARE_AND_SWAP_2 1
#define __GCC_HAVE_SYNC_COMPARE_AND_SWAP_4 1
#define __DBL_DENORM_MIN__ ((double)4.94065645841246544177e-324L)
#define __GCC_HAVE_SYNC_COMPARE_AND_SWAP_8 1
#define __GCC_ATOMIC_CHAR_LOCK_FREE 2
#define __GCC_IEC_559 2
#define __FLT_EVAL_METHOD__ 0
#define __unix__ 1
#define __GCC_ATOMIC_CHAR32_T_LOCK_FREE 2
#define __x86_64 1
#define __UINT_FAST64_MAX__ 0xffffffffffffffffUL
#define __SIG_ATOMIC_TYPE__ int
#define __DBL_MIN_10_EXP__ (-307)
#define __FINITE_MATH_ONLY__ 0
#define __GNUC_PATCHLEVEL__ 0
#define __UINT_FAST8_MAX__ 0xff
#define __has_include(STR) __has_include__(STR)
#define __DEC64_MAX_EXP__ 385
#define __INT8_C(c) c
#define __UINT_LEAST64_MAX__ 0xffffffffffffffffUL
#define __SHRT_MAX__ 0x7fff
#define __LDBL_MAX__ 1.18973149535723176502e+4932L
#define __UINT_LEAST8_MAX__ 0xff
#define __GCC_ATOMIC_BOOL_LOCK_FREE 2
#define __UINTMAX_TYPE__ long unsigned int
#define __linux 1
#define __DEC32_EPSILON__ 1E-6DF
#define __unix 1
#define __UINT32_MAX__ 0xffffffffU
#define __LDBL_MAX_EXP__ 16384
#define __WINT_MIN__ 0U
#define __linux__ 1
#define __SCHAR_MAX__ 0x7f
#define __WCHAR_MIN__ (-__WCHAR_MAX__ - 1)
#define __INT64_C(c) c ## L
#define __DBL_DIG__ 15
#define __GCC_ATOMIC_POINTER_LOCK_FREE 2
#define __SIZEOF_INT__ 4
#define __SIZEOF_POINTER__ 8
#define __USER_LABEL_PREFIX__ 
#define __STDC_HOSTED__ 1
#define __LDBL_HAS_INFINITY__ 1
#define __FLT_EPSILON__ 1.19209289550781250000e-7F
#define __LDBL_MIN__ 3.36210314311209350626e-4932L
#define __STDC_UTF_16__ 1
#define __DEC32_MAX__ 9.999999E96DF
#define __INT32_MAX__ 0x7fffffff
#define __SIZEOF_LONG__ 8
#define __STDC_IEC_559__ 1
#define __STDC_ISO_10646__ 201505L
#define __UINT16_C(c) c
#define __DECIMAL_DIG__ 21
#define __gnu_linux__ 1
#define __has_include_next(STR) __has_include_next__(STR)
#define __LDBL_HAS_QUIET_NAN__ 1
#define __GNUC__ 5
#define __MMX__ 1
#define __FLT_HAS_DENORM__ 1
#define __SIZEOF_LONG_DOUBLE__ 16
#define __BIGGEST_ALIGNMENT__ 16
#define __DBL_MAX__ ((double)1.79769313486231570815e+308L)
#define __INT_FAST32_MAX__ 0x7fffffffffffffffL
#define __DBL_HAS_INFINITY__ 1
#define __DEC32_MIN_EXP__ (-94)
#define __INT_FAST16_TYPE__ long int
#define __LDBL_HAS_DENORM__ 1
#define __DEC128_MAX__ 9.999999999999999999999999999999999E6144DL
#define __INT_LEAST32_MAX__ 0x7fffffff
#define __DEC32_MIN__ 1E-95DF
#define __DBL_MAX_EXP__ 1024
#define __DEC128_EPSILON__ 1E-33DL
#define __SSE2_MATH__ 1
#define __ATOMIC_HLE_RELEASE 131072
#define __PTRDIFF_MAX__ 0x7fffffffffffffffL
#define __amd64 1
#define __STDC_NO_THREADS__ 1
#define __ATOMIC_HLE_ACQUIRE 65536
#define __LONG_LONG_MAX__ 0x7fffffffffffffffLL
#define __SIZEOF_SIZE_T__ 8
#define __SIZEOF_WINT_T__ 4
#define __GCC_HAVE_DWARF2_CFI_ASM 1
#define __GXX_ABI_VERSION 1009
#define __FLT_MIN_EXP__ (-125)
#define __INT_FAST64_TYPE__ long int
#define __DBL_MIN__ ((double)2.22507385850720138309e-308L)
#define __LP64__ 1
#define __DECIMAL_BID_FORMAT__ 1
#define __DEC128_MIN__ 1E-6143DL
#define __REGISTER_PREFIX__ 
#define __UINT16_MAX__ 0xffff
#define __DBL_HAS_DENORM__ 1
#define __UINT8_TYPE__ unsigned char
#define __NO_INLINE__ 1
#define __FLT_MANT_DIG__ 24
#define __VERSION__ "5.4.0 20160609"
#define __UINT64_C(c) c ## UL
#define _STDC_PREDEF_H 1
#define __GCC_ATOMIC_INT_LOCK_FREE 2
#define __FLOAT_WORD_ORDER__ __ORDER_LITTLE_ENDIAN__
#define __STDC_IEC_559_COMPLEX__ 1
#define __INT32_C(c) c
#define __DEC64_EPSILON__ 1E-15DD
#define __ORDER_PDP_ENDIAN__ 3412
#define __DEC128_MIN_EXP__ (-6142)
#define __INT_FAST32_TYPE__ long int
#define __UINT_LEAST16_TYPE__ short unsigned int
#define unix 1
#define __INT16_MAX__ 0x7fff
#define __SIZE_TYPE__ long unsigned int
#define __UINT64_MAX__ 0xffffffffffffffffUL
#define __INT8_TYPE__ signed char
#define __ELF__ 1
#define __FLT_RADIX__ 2
#define __INT_LEAST16_TYPE__ short int
#define __LDBL_EPSILON__ 1.08420217248550443401e-19L
#define __UINTMAX_C(c) c ## UL
#define __SSE_MATH__ 1
#define __k8 1
#define __SIG_ATOMIC_MAX__ 0x7fffffff
#define __GCC_ATOMIC_WCHAR_T_LOCK_FREE 2
#define __SIZEOF_PTRDIFF_T__ 8
#define __x86_64__ 1
#define __DEC32_SUBNORMAL_MIN__ 0.000001E-95DF
#define __INT_FAST16_MAX__ 0x7fffffffffffffffL
#define __UINT_FAST32_MAX__ 0xffffffffffffffffUL
#define __UINT_LEAST64_TYPE__ long unsigned int
#define __FLT_HAS_QUIET_NAN__ 1
#define __FLT_MAX_10_EXP__ 38
#define __LONG_MAX__ 0x7fffffffffffffffL
#define __DEC128_SUBNORMAL_MIN__ 0.000000000000000000000000000000001E-6143DL
#define __FLT_HAS_INFINITY__ 1
#define __UINT_FAST16_TYPE__ long unsigned int
#define __DEC64_MAX__ 9.999999999999999E384DD
#define __CHAR16_TYPE__ short unsigned int
#define __PRAGMA_REDEFINE_EXTNAME 1
#define __INT_LEAST16_MAX__ 0x7fff
#define __DEC64_MANT_DIG__ 16
#define __INT64_MAX__ 0x7fffffffffffffffL
#define __UINT_LEAST32_MAX__ 0xffffffffU
#define __GCC_ATOMIC_LONG_LOCK_FREE 2
#define __INT_LEAST64_TYPE__ long int
#define __INT16_TYPE__ short int
#define __INT_LEAST8_TYPE__ signed char
#define __STDC_VERSION__ 201112L
#define __DEC32_MAX_EXP__ 97
#define __INT_FAST8_MAX__ 0x7f
#define __INTPTR_MAX__ 0x7fffffffffffffffL
#define linux 1
#define __SSE2__ 1
#define __LDBL_MANT_DIG__ 64
#define __DBL_HAS_QUIET_NAN__ 1
#define __SIG_ATOMIC_MIN__ (-__SIG_ATOMIC_MAX__ - 1)
#define __code_model_small__ 1
#define __k8__ 1
#define __INTPTR_TYPE__ long int
#define __UINT16_TYPE__ short unsigned int
#define __WCHAR_TYPE__ int
#define __SIZEOF_FLOAT__ 4
#define __UINTPTR_MAX__ 0xffffffffffffffffUL
#define __DEC64_MIN_EXP__ (-382)
#define __INT_FAST64_MAX__ 0x7fffffffffffffffL
#define __GCC_ATOMIC_TEST_AND_SET_TRUEVAL 1
#define __FLT_DIG__ 6
#define __UINT_FAST64_TYPE__ long unsigned int
#define __INT_MAX__ 0x7fffffff
#define __amd64__ 1
#define __INT64_TYPE__ long int
#define __FLT_MAX_EXP__ 128
#define __ORDER_BIG_ENDIAN__ 4321
#define __DBL_MANT_DIG__ 53
#define __SIZEOF_FLOAT128__ 16
#define __INT_LEAST64_MAX__ 0x7fffffffffffffffL
#define __GCC_ATOMIC_CHAR16_T_LOCK_FREE 2
#define __DEC64_MIN__ 1E-383DD
#define __WINT_TYPE__ unsigned int
#define __UINT_LEAST32_TYPE__ unsigned int
#define __SIZEOF_SHORT__ 2
#define __SSE__ 1
#define __LDBL_MIN_EXP__ (-16381)
#define __INT_LEAST8_MAX__ 0x7f
#define __SIZEOF_INT128__ 16
#define __LDBL_MAX_10_EXP__ 4932
#define __ATOMIC_RELAXED 0
#define __DBL_EPSILON__ ((double)2.22044604925031308085e-16L)
#define _LP64 1
#define __UINT8_C(c) c
#define __INT_LEAST32_TYPE__ int
#define __SIZEOF_WCHAR_T__ 4
#define __UINT64_TYPE__ long unsigned int
#define __INT_FAST8_TYPE__ signed char
#define __GNUC_STDC_INLINE__ 1
#define __DBL_DECIMAL_DIG__ 17
#define __STDC_UTF_32__ 1
#define __FXSR__ 1
#define __DEC_EVAL_METHOD__ 2
#define __UINT32_C(c) c ## U
#define __INTMAX_MAX__ 0x7fffffffffffffffL
#define __BYTE_ORDER__ __ORDER_LITTLE_ENDIAN__
#define __FLT_DENORM_MIN__ 1.40129846432481707092e-45F
#define __INT8_MAX__ 0x7f
#define __UINT_FAST32_TYPE__ long unsigned int
#define __CHAR32_TYPE__ unsigned int
#define __FLT_MAX__ 3.40282346638528859812e+38F
#define __INT32_TYPE__ int
#define __SIZEOF_DOUBLE__ 8
#define __FLT_MIN_10_EXP__ (-37)
#define __INTMAX_TYPE__ long int
#define __DEC128_MAX_EXP__ 6145
#define __ATOMIC_CONSUME 1
#define __GNUC_MINOR__ 4
#define __UINTMAX_MAX__ 0xffffffffffffffffUL
#define __DEC32_MANT_DIG__ 7
#define __DBL_MAX_10_EXP__ 308
#define __LDBL_DENORM_MIN__ 3.64519953188247460253e-4951L
#define __INT16_C(c) c
#define __STDC__ 1
#define __PTRDIFF_TYPE__ long int
#define __ATOMIC_SEQ_CST 5
#define __UINT32_TYPE__ unsigned int
#define __UINTPTR_TYPE__ long unsigned int
#define __DEC64_SUBNORMAL_MIN__ 0.000000000000001E-383DD
#define __DEC128_MANT_DIG__ 34
#define __LDBL_MIN_10_EXP__ (-4931)
#define __SIZEOF_LONG_LONG__ 8
#define __GCC_ATOMIC_LLONG_LOCK_FREE 2
#define __LDBL_DIG__ 18
#define __FLT_DECIMAL_DIG__ 9
#define __UINT_FAST16_MAX__ 0xffffffffffffffffUL
#define __GCC_ATOMIC_SHORT_LOCK_FREE 2
#define __UINT_FAST8_TYPE__ unsigned char
#define __ATOMIC_ACQ_REL 4
#define __ATOMIC_RELEASE 3

find program=['ar'] paths=['/home/jgottard/ns-3/ns-3.26/build/src/fd-net-device', '/home/jgottard/ns-3/ns-3.26/build/src/tap-bridge', '/home/jgottard/ns-3/ns-3.26', '/export/alt/torque/bin', '/export/alt/torque/sbin', '/usr/lib/jvm/java-6-openjdk/bin', '/usr/share/ant/bin', '/export/alt/condor/bin', '/usr/local/cuda/bin', '/bin', '/usr/bin'] var='AR' -> ['/usr/bin/ar']
/usr/bin/gcc
----------------------------------------
Checking for cc version
5.4.0
----------------------------------------
Checking for 'g++' (C++ compiler)
find program=['g++', 'c++'] paths=['/home/jgottard/ns-3/ns-3.26/build/src/fd-net-device', '/home/jgottard/ns-3/ns-3.26/build/src/tap-bridge', '/home/jgottard/ns-3/ns-3.26', '/export/alt/torque/bin', '/export/alt/torque/sbin', '/usr/lib/jvm/java-6-openjdk/bin', '/usr/share/ant/bin', '/export/alt/condor/bin', '/usr/local/cuda/bin', '/bin', '/usr/bin'] var='CXX' -> ['/usr/bin/g++']
['/usr/bin/g++', '-dM', '-E', '-']
out: #define __SSP_STRONG__ 3
#define __DBL_MIN_EXP__ (-1021)
#define __UINT_LEAST16_MAX__ 0xffff
#define __ATOMIC_ACQUIRE 2
#define __FLT_MIN__ 1.17549435082228750797e-38F
#define __GCC_IEC_559_COMPLEX 2
#define __UINT_LEAST8_TYPE__ unsigned char
#define __SIZEOF_FLOAT80__ 16
#define __INTMAX_C(c) c ## L
#define __CHAR_BIT__ 8
#define __UINT8_MAX__ 0xff
#define __WINT_MAX__ 0xffffffffU
#define __ORDER_LITTLE_ENDIAN__ 1234
#define __SIZE_MAX__ 0xffffffffffffffffUL
#define __WCHAR_MAX__ 0x7fffffff
#define __GCC_HAVE_SYNC_COMPARE_AND_SWAP_1 1
#define __GCC_HAVE_SYNC_COMPARE_AND_SWAP_2 1
#define __GCC_HAVE_SYNC_COMPARE_AND_SWAP_4 1
#define __DBL_DENORM_MIN__ ((double)4.94065645841246544177e-324L)
#define __GCC_HAVE_SYNC_COMPARE_AND_SWAP_8 1
#define __GCC_ATOMIC_CHAR_LOCK_FREE 2
#define __GCC_IEC_559 2
#define __FLT_EVAL_METHOD__ 0
#define __unix__ 1
#define __GCC_ATOMIC_CHAR32_T_LOCK_FREE 2
#define __x86_64 1
#define __UINT_FAST64_MAX__ 0xffffffffffffffffUL
#define __SIG_ATOMIC_TYPE__ int
#define __DBL_MIN_10_EXP__ (-307)
#define __FINITE_MATH_ONLY__ 0
#define __GNUC_PATCHLEVEL__ 0
#define __UINT_FAST8_MAX__ 0xff
#define __has_include(STR) __has_include__(STR)
#define __DEC64_MAX_EXP__ 385
#define __INT8_C(c) c
#define __UINT_LEAST64_MAX__ 0xffffffffffffffffUL
#define __SHRT_MAX__ 0x7fff
#define __LDBL_MAX__ 1.18973149535723176502e+4932L
#define __UINT_LEAST8_MAX__ 0xff
#define __GCC_ATOMIC_BOOL_LOCK_FREE 2
#define __UINTMAX_TYPE__ long unsigned int
#define __linux 1
#define __DEC32_EPSILON__ 1E-6DF
#define __unix 1
#define __UINT32_MAX__ 0xffffffffU
#define __LDBL_MAX_EXP__ 16384
#define __WINT_MIN__ 0U
#define __linux__ 1
#define __SCHAR_MAX__ 0x7f
#define __WCHAR_MIN__ (-__WCHAR_MAX__ - 1)
#define __INT64_C(c) c ## L
#define __DBL_DIG__ 15
#define __GCC_ATOMIC_POINTER_LOCK_FREE 2
#define __SIZEOF_INT__ 4
#define __SIZEOF_POINTER__ 8
#define __USER_LABEL_PREFIX__ 
#define __STDC_HOSTED__ 1
#define __LDBL_HAS_INFINITY__ 1
#define __FLT_EPSILON__ 1.19209289550781250000e-7F
#define __LDBL_MIN__ 3.36210314311209350626e-4932L
#define __STDC_UTF_16__ 1
#define __DEC32_MAX__ 9.999999E96DF
#define __INT32_MAX__ 0x7fffffff
#define __SIZEOF_LONG__ 8
#define __STDC_IEC_559__ 1
#define __STDC_ISO_10646__ 201505L
#define __UINT16_C(c) c
#define __DECIMAL_DIG__ 21
#define __gnu_linux__ 1
#define __has_include_next(STR) __has_include_next__(STR)
#define __LDBL_HAS_QUIET_NAN__ 1
#define __GNUC__ 5
#define __MMX__ 1
#define __FLT_HAS_DENORM__ 1
#define __SIZEOF_LONG_DOUBLE__ 16
#define __BIGGEST_ALIGNMENT__ 16
#define __DBL_MAX__ ((double)1.79769313486231570815e+308L)
#define __INT_FAST32_MAX__ 0x7fffffffffffffffL
#define __DBL_HAS_INFINITY__ 1
#define __DEC32_MIN_EXP__ (-94)
#define __INT_FAST16_TYPE__ long int
#define __LDBL_HAS_DENORM__ 1
#define __DEC128_MAX__ 9.999999999999999999999999999999999E6144DL
#define __INT_LEAST32_MAX__ 0x7fffffff
#define __DEC32_MIN__ 1E-95DF
#define __DBL_MAX_EXP__ 1024
#define __DEC128_EPSILON__ 1E-33DL
#define __SSE2_MATH__ 1
#define __ATOMIC_HLE_RELEASE 131072
#define __PTRDIFF_MAX__ 0x7fffffffffffffffL
#define __amd64 1
#define __STDC_NO_THREADS__ 1
#define __ATOMIC_HLE_ACQUIRE 65536
#define __LONG_LONG_MAX__ 0x7fffffffffffffffLL
#define __SIZEOF_SIZE_T__ 8
#define __SIZEOF_WINT_T__ 4
#define __GCC_HAVE_DWARF2_CFI_ASM 1
#define __GXX_ABI_VERSION 1009
#define __FLT_MIN_EXP__ (-125)
#define __INT_FAST64_TYPE__ long int
#define __DBL_MIN__ ((double)2.22507385850720138309e-308L)
#define __LP64__ 1
#define __DECIMAL_BID_FORMAT__ 1
#define __DEC128_MIN__ 1E-6143DL
#define __REGISTER_PREFIX__ 
#define __UINT16_MAX__ 0xffff
#define __DBL_HAS_DENORM__ 1
#define __UINT8_TYPE__ unsigned char
#define __NO_INLINE__ 1
#define __FLT_MANT_DIG__ 24
#define __VERSION__ "5.4.0 20160609"
#define __UINT64_C(c) c ## UL
#define _STDC_PREDEF_H 1
#define __GCC_ATOMIC_INT_LOCK_FREE 2
#define __FLOAT_WORD_ORDER__ __ORDER_LITTLE_ENDIAN__
#define __STDC_IEC_559_COMPLEX__ 1
#define __INT32_C(c) c
#define __DEC64_EPSILON__ 1E-15DD
#define __ORDER_PDP_ENDIAN__ 3412
#define __DEC128_MIN_EXP__ (-6142)
#define __INT_FAST32_TYPE__ long int
#define __UINT_LEAST16_TYPE__ short unsigned int
#define unix 1
#define __INT16_MAX__ 0x7fff
#define __SIZE_TYPE__ long unsigned int
#define __UINT64_MAX__ 0xffffffffffffffffUL
#define __INT8_TYPE__ signed char
#define __ELF__ 1
#define __FLT_RADIX__ 2
#define __INT_LEAST16_TYPE__ short int
#define __LDBL_EPSILON__ 1.08420217248550443401e-19L
#define __UINTMAX_C(c) c ## UL
#define __SSE_MATH__ 1
#define __k8 1
#define __SIG_ATOMIC_MAX__ 0x7fffffff
#define __GCC_ATOMIC_WCHAR_T_LOCK_FREE 2
#define __SIZEOF_PTRDIFF_T__ 8
#define __x86_64__ 1
#define __DEC32_SUBNORMAL_MIN__ 0.000001E-95DF
#define __INT_FAST16_MAX__ 0x7fffffffffffffffL
#define __UINT_FAST32_MAX__ 0xffffffffffffffffUL
#define __UINT_LEAST64_TYPE__ long unsigned int
#define __FLT_HAS_QUIET_NAN__ 1
#define __FLT_MAX_10_EXP__ 38
#define __LONG_MAX__ 0x7fffffffffffffffL
#define __DEC128_SUBNORMAL_MIN__ 0.000000000000000000000000000000001E-6143DL
#define __FLT_HAS_INFINITY__ 1
#define __UINT_FAST16_TYPE__ long unsigned int
#define __DEC64_MAX__ 9.999999999999999E384DD
#define __CHAR16_TYPE__ short unsigned int
#define __PRAGMA_REDEFINE_EXTNAME 1
#define __INT_LEAST16_MAX__ 0x7fff
#define __DEC64_MANT_DIG__ 16
#define __INT64_MAX__ 0x7fffffffffffffffL
#define __UINT_LEAST32_MAX__ 0xffffffffU
#define __GCC_ATOMIC_LONG_LOCK_FREE 2
#define __INT_LEAST64_TYPE__ long int
#define __INT16_TYPE__ short int
#define __INT_LEAST8_TYPE__ signed char
#define __STDC_VERSION__ 201112L
#define __DEC32_MAX_EXP__ 97
#define __INT_FAST8_MAX__ 0x7f
#define __INTPTR_MAX__ 0x7fffffffffffffffL
#define linux 1
#define __SSE2__ 1
#define __LDBL_MANT_DIG__ 64
#define __DBL_HAS_QUIET_NAN__ 1
#define __SIG_ATOMIC_MIN__ (-__SIG_ATOMIC_MAX__ - 1)
#define __code_model_small__ 1
#define __k8__ 1
#define __INTPTR_TYPE__ long int
#define __UINT16_TYPE__ short unsigned int
#define __WCHAR_TYPE__ int
#define __SIZEOF_FLOAT__ 4
#define __UINTPTR_MAX__ 0xffffffffffffffffUL
#define __DEC64_MIN_EXP__ (-382)
#define __INT_FAST64_MAX__ 0x7fffffffffffffffL
#define __GCC_ATOMIC_TEST_AND_SET_TRUEVAL 1
#define __FLT_DIG__ 6
#define __UINT_FAST64_TYPE__ long unsigned int
#define __INT_MAX__ 0x7fffffff
#define __amd64__ 1
#define __INT64_TYPE__ long int
#define __FLT_MAX_EXP__ 128
#define __ORDER_BIG_ENDIAN__ 4321
#define __DBL_MANT_DIG__ 53
#define __SIZEOF_FLOAT128__ 16
#define __INT_LEAST64_MAX__ 0x7fffffffffffffffL
#define __GCC_ATOMIC_CHAR16_T_LOCK_FREE 2
#define __DEC64_MIN__ 1E-383DD
#define __WINT_TYPE__ unsigned int
#define __UINT_LEAST32_TYPE__ unsigned int
#define __SIZEOF_SHORT__ 2
#define __SSE__ 1
#define __LDBL_MIN_EXP__ (-16381)
#define __INT_LEAST8_MAX__ 0x7f
#define __SIZEOF_INT128__ 16
#define __LDBL_MAX_10_EXP__ 4932
#define __ATOMIC_RELAXED 0
#define __DBL_EPSILON__ ((double)2.22044604925031308085e-16L)
#define _LP64 1
#define __UINT8_C(c) c
#define __INT_LEAST32_TYPE__ int
#define __SIZEOF_WCHAR_T__ 4
#define __UINT64_TYPE__ long unsigned int
#define __INT_FAST8_TYPE__ signed char
#define __GNUC_STDC_INLINE__ 1
#define __DBL_DECIMAL_DIG__ 17
#define __STDC_UTF_32__ 1
#define __FXSR__ 1
#define __DEC_EVAL_METHOD__ 2
#define __UINT32_C(c) c ## U
#define __INTMAX_MAX__ 0x7fffffffffffffffL
#define __BYTE_ORDER__ __ORDER_LITTLE_ENDIAN__
#define __FLT_DENORM_MIN__ 1.40129846432481707092e-45F
#define __INT8_MAX__ 0x7f
#define __UINT_FAST32_TYPE__ long unsigned int
#define __CHAR32_TYPE__ unsigned int
#define __FLT_MAX__ 3.40282346638528859812e+38F
#define __INT32_TYPE__ int
#define __SIZEOF_DOUBLE__ 8
#define __FLT_MIN_10_EXP__ (-37)
#define __INTMAX_TYPE__ long int
#define __DEC128_MAX_EXP__ 6145
#define __ATOMIC_CONSUME 1
#define __GNUC_MINOR__ 4
#define __UINTMAX_MAX__ 0xffffffffffffffffUL
#define __DEC32_MANT_DIG__ 7
#define __DBL_MAX_10_EXP__ 308
#define __LDBL_DENORM_MIN__ 3.64519953188247460253e-4951L
#define __INT16_C(c) c
#define __STDC__ 1
#define __PTRDIFF_TYPE__ long int
#define __ATOMIC_SEQ_CST 5
#define __UINT32_TYPE__ unsigned int
#define __UINTPTR_TYPE__ long unsigned int
#define __DEC64_SUBNORMAL_MIN__ 0.000000000000001E-383DD
#define __DEC128_MANT_DIG__ 34
#define __LDBL_MIN_10_EXP__ (-4931)
#define __SIZEOF_LONG_LONG__ 8
#define __GCC_ATOMIC_LLONG_LOCK_FREE 2
#define __LDBL_DIG__ 18
#define __FLT_DECIMAL_DIG__ 9
#define __UINT_FAST16_MAX__ 0xffffffffffffffffUL
#define __GCC_ATOMIC_SHORT_LOCK_FREE 2
#define __UINT_FAST8_TYPE__ unsigned char
#define __ATOMIC_ACQ_REL 4
#define __ATOMIC_RELEASE 3

(tool ar is already loaded, skipping)
/usr/bin/g++
------------------------------------------------------
Checking for compilation flag -Wl,--soname=foo support
==>
int main() { return 0; }
<==
[1/1] Compiling build/.conf_check_2396872bd4e2af4c712ffe7d3462309b/test.cpp

['/usr/bin/g++', '-Wall', '-Wl,--soname=foo', '-DNS3_BUILD_PROFILE_DEBUG', '-DNS3_ASSERT_ENABLE', '-DNS3_LOG_ENABLE', '../test.cpp', '-c', '-o', '/home/jgottard/ns-3/ns-3.26/build/.conf_check_2396872bd4e2af4c712ffe7d3462309b/testbuild/test.cpp.1.o']
ok
------------------------------------------------------
Checking for program 'python'
/usr/bin/python
find program=['python'] paths=['/home/jgottard/ns-3/ns-3.26/build/src/fd-net-device', '/home/jgottard/ns-3/ns-3.26/build/src/tap-bridge', '/home/jgottard/ns-3/ns-3.26', '/export/alt/torque/bin', '/export/alt/torque/sbin', '/usr/lib/jvm/java-6-openjdk/bin', '/usr/share/ant/bin', '/export/alt/condor/bin', '/usr/local/cuda/bin', '/bin', '/usr/bin'] var='PYTHON' -> ['/usr/bin/python']
['/usr/bin/python', '-c', 'import imp;print(imp.get_tag())']
err: Traceback (most recent call last):
  File "<string>", line 1, in <module>
AttributeError: 'module' object has no attribute 'get_tag'

['/usr/bin/python', '-c', 'import sys\nfor x in sys.version_info: print(str(x))']
out: 2
7
12
final
0

['/usr/bin/python', '-c', "from distutils.sysconfig import get_config_var, get_python_lib\n\nprint(repr(get_python_lib(standard_lib=0, prefix='/usr/local') or ''))"]
out: '/usr/local/lib/python2.7/dist-packages'

'/usr/local/lib/python2.7/dist-packages'

['/usr/bin/python', '-c', "from distutils.sysconfig import get_config_var, get_python_lib\n\nprint(repr(get_python_lib(plat_specific=1, standard_lib=0, prefix='/usr/local') or ''))"]
out: '/usr/local/lib/python2.7/dist-packages'

'/usr/local/lib/python2.7/dist-packages'

------------------------------------------------------
Checking for python version
(2, 7, 12, 'final', 0)
['/usr/bin/python', '-c', "from distutils.sysconfig import get_config_var, get_python_lib\n\nprint(repr(get_config_var('prefix') or ''))\nprint(repr(get_config_var('SO') or ''))\nprint(repr(get_config_var('LDFLAGS') or ''))\nprint(repr(get_config_var('LIBDIR') or ''))\nprint(repr(get_config_var('LIBPL') or ''))\nprint(repr(get_config_var('INCLUDEPY') or ''))\nprint(repr(get_config_var('Py_ENABLE_SHARED') or ''))\nprint(repr(get_config_var('MACOSX_DEPLOYMENT_TARGET') or ''))\nprint(repr(get_config_var('LDSHARED') or ''))\nprint(repr(get_config_var('CFLAGS') or ''))\nprint(repr(get_config_var('LDVERSION') or ''))"]
out: '/usr'
'.so'
'-Wl,-Bsymbolic-functions -Wl,-z,relro'
'/usr/lib'
'/usr/lib/python2.7/config-x86_64-linux-gnu'
'/usr/include/python2.7'
1
''
'x86_64-linux-gnu-gcc -pthread -shared -Wl,-O1 -Wl,-Bsymbolic-functions -Wl,-Bsymbolic-functions -Wl,-z,relro -fno-strict-aliasing -DNDEBUG -g -fwrapv -O2 -Wall -Wstrict-prototypes -Wdate-time -D_FORTIFY_SOURCE=2 -g -fstack-protector-strong -Wformat -Werror=format-security  '
'-fno-strict-aliasing -DNDEBUG -g -fwrapv -O2 -Wall -Wstrict-prototypes -Wdate-time -D_FORTIFY_SOURCE=2 -g -fstack-protector-strong -Wformat -Werror=format-security  '
''

'/usr'
'.so'
'-Wl,-Bsymbolic-functions -Wl,-z,relro'
'/usr/lib'
'/usr/lib/python2.7/config-x86_64-linux-gnu'
'/usr/include/python2.7'
1
''
'x86_64-linux-gnu-gcc -pthread -shared -Wl,-O1 -Wl,-Bsymbolic-functions -Wl,-Bsymbolic-functions -Wl,-z,relro -fno-strict-aliasing -DNDEBUG -g -fwrapv -O2 -Wall -Wstrict-prototypes -Wdate-time -D_FORTIFY_SOURCE=2 -g -fstack-protector-strong -Wformat -Werror=format-security  '
'-fno-strict-aliasing -DNDEBUG -g -fwrapv -O2 -Wall -Wstrict-prototypes -Wdate-time -D_FORTIFY_SOURCE=2 -g -fstack-protector-strong -Wformat -Werror=format-security  '
''

Configuration returned from ['/usr/bin/python']:
prefix = '/usr'
SO = '.so'
LDFLAGS = '-Wl,-Bsymbolic-functions -Wl,-z,relro'
LIBDIR = '/usr/lib'
LIBPL = '/usr/lib/python2.7/config-x86_64-linux-gnu'
INCLUDEPY = '/usr/include/python2.7'
Py_ENABLE_SHARED = 1
MACOSX_DEPLOYMENT_TARGET = ''
LDSHARED = 'x86_64-linux-gnu-gcc -pthread -shared -Wl,-O1 -Wl,-Bsymbolic-functions -Wl,-Bsymbolic-functions -Wl,-z,relro -fno-strict-aliasing -DNDEBUG -g -fwrapv -O2 -Wall -Wstrict-prototypes -Wdate-time -D_FORTIFY_SOURCE=2 -g -fstack-protector-strong -Wformat -Werror=format-security  '
CFLAGS = '-fno-strict-aliasing -DNDEBUG -g -fwrapv -O2 -Wall -Wstrict-prototypes -Wdate-time -D_FORTIFY_SOURCE=2 -g -fstack-protector-strong -Wformat -Werror=format-security  '
LDVERSION = ''

------------------------------------------------------
python-config
/usr/bin/python-config
find program=['/usr/bin/python-config', 'python2.7-config', 'python-config-2.7', 'python2.7m-config'] paths=['/home/jgottard/ns-3/ns-3.26/build/src/fd-net-device', '/home/jgottard/ns-3/ns-3.26/build/src/tap-bridge', '/home/jgottard/ns-3/ns-3.26', '/export/alt/torque/bin', '/export/alt/torque/sbin', '/usr/lib/jvm/java-6-openjdk/bin', '/usr/share/ant/bin', '/export/alt/condor/bin', '/usr/local/cuda/bin', '/bin', '/usr/bin'] var='PYTHON_CONFIG' -> ['/usr/bin/python-config']
------------------------------------------------------------------
Asking python-config for pyembed '--cflags --libs --ldflags' flags
['/usr/bin/python-config', '--cflags', '--libs', '--ldflags']
out: -I/usr/include/python2.7 -I/usr/include/x86_64-linux-gnu/python2.7  -fno-strict-aliasing -Wdate-time -D_FORTIFY_SOURCE=2 -g -fstack-protector-strong -Wformat -Werror=format-security  -DNDEBUG -g -fwrapv -O2 -Wall -Wstrict-prototypes
-lpython2.7 -lpthread -ldl  -lutil -lm 
-L/usr/lib/python2.7/config-x86_64-linux-gnu -L/usr/lib -lpython2.7 -lpthread -ldl  -lutil -lm  -Xlinker -export-dynamic -Wl,-O1 -Wl,-Bsymbolic-functions

yes
------------------------------------------------------------------
Testing pyembed configuration
==>

#include <Python.h>
#ifdef __cplusplus
extern "C" {
#endif
	void Py_Initialize(void);
	void Py_Finalize(void);
#ifdef __cplusplus
}
#endif
int main(int argc, char **argv)
{
   (void)argc; (void)argv;
   Py_Initialize();
   Py_Finalize();
   return 0;
}

<==
[1/2] Compiling build/.conf_check_1d78c68429c591937cd2b176c7b7333c/test.cpp

['/usr/bin/g++', '-Wall', '-std=c++11', '-fno-strict-aliasing', '-fstack-protector-strong', '-fwrapv', '-I/usr/include/python2.7', '-I/usr/include/x86_64-linux-gnu/python2.7', '-DNS3_BUILD_PROFILE_DEBUG', '-DNS3_ASSERT_ENABLE', '-DNS3_LOG_ENABLE', '-DPYTHONDIR="/usr/local/lib/python2.7/dist-packages"', '-DPYTHONARCHDIR="/usr/local/lib/python2.7/dist-packages"', '-DHAVE_PYEMBED=1', '-D_FORTIFY_SOURCE=2', '-DNDEBUG', '../test.cpp', '-c', '-o', '/home/jgottard/ns-3/ns-3.26/build/.conf_check_1d78c68429c591937cd2b176c7b7333c/testbuild/test.cpp.1.o']
[2/2] Linking build/.conf_check_1d78c68429c591937cd2b176c7b7333c/testbuild/testprog

['/usr/bin/g++', '-Xlinker', '-export-dynamic', '-Wl,-O1', '-Wl,-Bsymbolic-functions', 'test.cpp.1.o', '-o', '/home/jgottard/ns-3/ns-3.26/build/.conf_check_1d78c68429c591937cd2b176c7b7333c/testbuild/testprog', '-Wl,-Bstatic', '-Wl,-Bdynamic', '-L/usr/lib/python2.7/config-x86_64-linux-gnu', '-L/usr/lib', '-lpython2.7', '-lpthread', '-ldl', '-lutil', '-lm']
yes
------------------------------------------------------------------
Asking python-config for pyext '--cflags --libs --ldflags' flags
['/usr/bin/python-config', '--cflags', '--libs', '--ldflags']
out: -I/usr/include/python2.7 -I/usr/include/x86_64-linux-gnu/python2.7  -fno-strict-aliasing -Wdate-time -D_FORTIFY_SOURCE=2 -g -fstack-protector-strong -Wformat -Werror=format-security  -DNDEBUG -g -fwrapv -O2 -Wall -Wstrict-prototypes
-lpython2.7 -lpthread -ldl  -lutil -lm 
-L/usr/lib/python2.7/config-x86_64-linux-gnu -L/usr/lib -lpython2.7 -lpthread -ldl  -lutil -lm  -Xlinker -export-dynamic -Wl,-O1 -Wl,-Bsymbolic-functions

yes
------------------------------------------------------------------
Testing pyext configuration
==>

#include <Python.h>
#ifdef __cplusplus
extern "C" {
#endif
	void Py_Initialize(void);
	void Py_Finalize(void);
#ifdef __cplusplus
}
#endif
int main(int argc, char **argv)
{
   (void)argc; (void)argv;
   Py_Initialize();
   Py_Finalize();
   return 0;
}

<==
[1/2] Compiling build/.conf_check_7200777910cfecbb66522dfd24bf0e17/test.cpp

['/usr/bin/g++', '-Wall', '-std=c++11', '-fPIC', '-fno-strict-aliasing', '-fstack-protector-strong', '-fwrapv', '-I/usr/include/python2.7', '-I/usr/include/x86_64-linux-gnu/python2.7', '-DNS3_BUILD_PROFILE_DEBUG', '-DNS3_ASSERT_ENABLE', '-DNS3_LOG_ENABLE', '-DPYTHONDIR="/usr/local/lib/python2.7/dist-packages"', '-DPYTHONARCHDIR="/usr/local/lib/python2.7/dist-packages"', '-DHAVE_PYEMBED=1', '-DHAVE_PYEXT=1', '-D_FORTIFY_SOURCE=2', '-DNDEBUG', '../test.cpp', '-c', '-o', '/home/jgottard/ns-3/ns-3.26/build/.conf_check_7200777910cfecbb66522dfd24bf0e17/testbuild/test.cpp.1.o']
[2/2] Linking build/.conf_check_7200777910cfecbb66522dfd24bf0e17/testbuild/testprog.so

['/usr/bin/g++', '-shared', '-Xlinker', '-export-dynamic', '-Wl,-O1', '-Wl,-Bsymbolic-functions', 'test.cpp.1.o', '-o', '/home/jgottard/ns-3/ns-3.26/build/.conf_check_7200777910cfecbb66522dfd24bf0e17/testbuild/testprog.so', '-Wl,-Bstatic', '-Wl,-Bdynamic', '-L/usr/lib/python2.7/config-x86_64-linux-gnu', '-L/usr/lib', '-lpython2.7', '-lpthread', '-ldl', '-lutil', '-lm']
yes
------------------------------------------------------------------
Checking for compilation flag -fvisibility=hidden support
==>
int main() { return 0; }
<==
[1/1] Compiling build/.conf_check_2396872bd4e2af4c712ffe7d3462309b/test.cpp

['/usr/bin/g++', '-Wall', '-std=c++11', '-fvisibility=hidden', '-DNS3_BUILD_PROFILE_DEBUG', '-DNS3_ASSERT_ENABLE', '-DNS3_LOG_ENABLE', '-DPYTHONDIR="/usr/local/lib/python2.7/dist-packages"', '-DPYTHONARCHDIR="/usr/local/lib/python2.7/dist-packages"', '-DHAVE_PYEMBED=1', '-DHAVE_PYEXT=1', '-DHAVE_PYTHON_H=1', '../test.cpp', '-c', '-o', '/home/jgottard/ns-3/ns-3.26/build/.conf_check_2396872bd4e2af4c712ffe7d3462309b/testbuild/test.cpp.1.o']
ok
------------------------------------------------------------------
Checking for compilation flag -Wno-array-bounds support
==>
int main() { return 0; }
<==
[1/1] Compiling build/.conf_check_2396872bd4e2af4c712ffe7d3462309b/test.cpp

['/usr/bin/g++', '-Wall', '-std=c++11', '-Wno-array-bounds', '-DNS3_BUILD_PROFILE_DEBUG', '-DNS3_ASSERT_ENABLE', '-DNS3_LOG_ENABLE', '-DPYTHONDIR="/usr/local/lib/python2.7/dist-packages"', '-DPYTHONARCHDIR="/usr/local/lib/python2.7/dist-packages"', '-DHAVE_PYEMBED=1', '-DHAVE_PYEXT=1', '-DHAVE_PYTHON_H=1', '../test.cpp', '-c', '-o', '/home/jgottard/ns-3/ns-3.26/build/.conf_check_2396872bd4e2af4c712ffe7d3462309b/testbuild/test.cpp.1.o']
ok
------------------------------------------------------------------
Checking for pybindgen location
../pybindgen-0.17.0.post57+nga6376f2 (guessed)
------------------------------------------------------------------
Checking for python module 'pybindgen'
['/usr/bin/python', '-c', "\nimport pybindgen as current_module\nversion = getattr(current_module, '__version__', None)\nif version is not None:\n\tprint(str(version))\nelse:\n\tprint('unknown version')\n"]
out: 0.17.0.post57+nga6376f2

0.17.0.post57+nga6376f2
------------------------------------------------------------------
Checking for pybindgen version
0.17.0.post57+nga6376f2
------------------------------------------------------------------
Checking for code snippet
==>

#include <stdint.h>
#include <vector>

int main ()
{
   std::vector< uint64_t > t = std::vector< unsigned long > ();
   return 0;
}

<==
[1/1] Compiling build/.conf_check_e0cd6ca45d09763a431652349a7c964e/test.cpp

['/usr/bin/g++', '-Wall', '-std=c++11', '-DNS3_BUILD_PROFILE_DEBUG', '-DNS3_ASSERT_ENABLE', '-DNS3_LOG_ENABLE', '-DPYTHONDIR="/usr/local/lib/python2.7/dist-packages"', '-DPYTHONARCHDIR="/usr/local/lib/python2.7/dist-packages"', '-DHAVE_PYEMBED=1', '-DHAVE_PYEXT=1', '-DHAVE_PYTHON_H=1', '../test.cpp', '-c', '-o', '/home/jgottard/ns-3/ns-3.26/build/.conf_check_e0cd6ca45d09763a431652349a7c964e/testbuild/test.cpp.1.o']
yes
------------------------------------------------------------------
Checking for types uint64_t and unsigned long equivalence
no
------------------------------------------------------------------
Checking for code snippet
==>

#include <stdint.h>
#include <vector>

int main ()
{
   std::vector< uint64_t > t = std::vector< unsigned long long > ();
   return 0;
}

<==
[1/1] Compiling build/.conf_check_7c5a669573cefe2feb3c708278665e03/test.cpp

['/usr/bin/g++', '-Wall', '-std=c++11', '-DNS3_BUILD_PROFILE_DEBUG', '-DNS3_ASSERT_ENABLE', '-DNS3_LOG_ENABLE', '-DPYTHONDIR="/usr/local/lib/python2.7/dist-packages"', '-DPYTHONARCHDIR="/usr/local/lib/python2.7/dist-packages"', '-DHAVE_PYEMBED=1', '-DHAVE_PYEXT=1', '-DHAVE_PYTHON_H=1', '../test.cpp', '-c', '-o', '/home/jgottard/ns-3/ns-3.26/build/.conf_check_7c5a669573cefe2feb3c708278665e03/testbuild/test.cpp.1.o']
err: ../test.cpp: In function ‘int main()’:
../test.cpp:7:67: error: conversion from ‘std::vector<long long unsigned int>’ to non-scalar type ‘std::vector<long unsigned int>’ requested
    std::vector< uint64_t > t = std::vector< unsigned long long > ();
                                                                   ^

from /home/jgottard/ns-3/ns-3.26/bindings/python: Test does not build: Traceback (most recent call last):
  File "/home/jgottard/ns-3/ns-3.26/.waf-1.8.19-b1fc8f7baef51bd2db4c2971909a568d/waflib/Configure.py", line 335, in run_build
    bld.compile()
  File "/home/jgottard/ns-3/ns-3.26/.waf-1.8.19-b1fc8f7baef51bd2db4c2971909a568d/waflib/Build.py", line 185, in compile
    raise Errors.BuildError(self.producer.error)
BuildError: Build failed
 -> task in 'testprog' failed (exit status 1): 
	{task 140571328660624: cxx test.cpp -> test.cpp.1.o}
['/usr/bin/g++', '-Wall', '-std=c++11', '-DNS3_BUILD_PROFILE_DEBUG', '-DNS3_ASSERT_ENABLE', '-DNS3_LOG_ENABLE', '-DPYTHONDIR="/usr/local/lib/python2.7/dist-packages"', '-DPYTHONARCHDIR="/usr/local/lib/python2.7/dist-packages"', '-DHAVE_PYEMBED=1', '-DHAVE_PYEXT=1', '-DHAVE_PYTHON_H=1', '../test.cpp', '-c', '-o', '/home/jgottard/ns-3/ns-3.26/build/.conf_check_7c5a669573cefe2feb3c708278665e03/testbuild/test.cpp.1.o']

no
from /home/jgottard/ns-3/ns-3.26/bindings/python: The configuration failed
------------------------------------------------------------------
Checking for types uint64_t and unsigned long long equivalence
yes
------------------------------------------------------------------
Checking for the apidefs that can be used for Python bindings
gcc-LP64
------------------------------------------------------------------
Checking for internal GCC cxxabi
==>

# include <cxxabi.h>
int main ()
{
   const abi::__si_class_type_info *_typeinfo  __attribute__((unused)) = NULL;
   return 0;
}

<==
[1/2] Compiling build/.conf_check_9d1fbb9719ec5b3b965fe79b3d40889e/test.cpp

['/usr/bin/g++', '-Wall', '-std=c++11', '-DNS3_BUILD_PROFILE_DEBUG', '-DNS3_ASSERT_ENABLE', '-DNS3_LOG_ENABLE', '-DPYTHONDIR="/usr/local/lib/python2.7/dist-packages"', '-DPYTHONARCHDIR="/usr/local/lib/python2.7/dist-packages"', '-DHAVE_PYEMBED=1', '-DHAVE_PYEXT=1', '-DHAVE_PYTHON_H=1', '../test.cpp', '-c', '-o', '/home/jgottard/ns-3/ns-3.26/build/.conf_check_9d1fbb9719ec5b3b965fe79b3d40889e/testbuild/test.cpp.1.o']
[2/2] Linking build/.conf_check_9d1fbb9719ec5b3b965fe79b3d40889e/testbuild/testprog

['/usr/bin/g++', 'test.cpp.1.o', '-o', '/home/jgottard/ns-3/ns-3.26/build/.conf_check_9d1fbb9719ec5b3b965fe79b3d40889e/testbuild/testprog', '-Wl,-Bstatic', '-Wl,-Bdynamic']
complete
------------------------------------------------------------------
Checking for python module 'pygccxml'
['/usr/bin/python', '-c', "\nimport pygccxml as current_module\nversion = getattr(current_module, '__version__', None)\nif version is not None:\n\tprint(str(version))\nelse:\n\tprint('unknown version')\n"]
err: Traceback (most recent call last):
  File "<string>", line 2, in <module>
ImportError: No module named pygccxml

not found
from /home/jgottard/ns-3/ns-3.26/bindings/python: Could not find the python module 'pygccxml'
------------------------------------------------------------------
Checking boost includes
1_54
------------------------------------------------------------------
Checking boost libs
Found the boost path in /usr/lib/x86_64-linux-gnu with the libraries:
    /usr/lib/x86_64-linux-gnu/libboost_filesystem.so.1.58.0
    /usr/lib/x86_64-linux-gnu/libboost_system.so.1.58.0
Trying pattern boost_system(-gcc[0-9]{0,3})-1_54.so$
Trying pattern boost_system-1_54.so$
Trying pattern boost_system(-gcc[0-9]{0,3}).so$
Trying pattern boost_system.so$
Trying pattern boost_system.so$
Trying pattern boost_system
Found boost lib libboost_system.so.1.58.0
Trying pattern boost_signals(-gcc[0-9]{0,3})-1_54.so$
Trying pattern boost_signals-1_54.so$
Trying pattern boost_signals(-gcc[0-9]{0,3}).so$
Trying pattern boost_signals.so$
Trying pattern boost_signals.so$
Trying pattern boost_signals
lib signals not found in /usr/lib/x86_64-linux-gnu
from /home/jgottard/ns-3/ns-3.26/src: The configuration failed
------------------------------------------------------------------
Checking boost includes
1_54
------------------------------------------------------------------
Checking boost libs
Found the boost path in /usr/lib/x86_64-linux-gnu with the libraries:
    /usr/lib/x86_64-linux-gnu/libboost_filesystem.so.1.58.0
    /usr/lib/x86_64-linux-gnu/libboost_system.so.1.58.0
Trying pattern boost_system(-gcc[0-9]{0,3})-1_54.so$
Trying pattern boost_system-1_54.so$
Trying pattern boost_system(-gcc[0-9]{0,3}).so$
Trying pattern boost_system.so$
Trying pattern boost_system.so$
Trying pattern boost_system
Found boost lib libboost_system.so.1.58.0
Trying pattern boost_signals(-gcc[0-9]{0,3})-1_54.so$
Trying pattern boost_signals-1_54.so$
Trying pattern boost_signals(-gcc[0-9]{0,3}).so$
Trying pattern boost_signals.so$
Trying pattern boost_signals.so$
Trying pattern boost_signals
lib signals not found in /usr/lib/x86_64-linux-gnu
from /home/jgottard/ns-3/ns-3.26/src: The configuration failed
------------------------------------------------------------------
Checking for click location
not found
------------------------------------------------------------------
Checking for program 'pkg-config'
/usr/bin/pkg-config
find program=['pkg-config'] paths=['/home/jgottard/ns-3/ns-3.26/build/src/fd-net-device', '/home/jgottard/ns-3/ns-3.26/build/src/tap-bridge', '/home/jgottard/ns-3/ns-3.26', '/export/alt/torque/bin', '/export/alt/torque/sbin', '/usr/lib/jvm/java-6-openjdk/bin', '/usr/share/ant/bin', '/export/alt/condor/bin', '/usr/local/cuda/bin', '/bin', '/usr/bin'] var='PKGCONFIG' -> ['/usr/bin/pkg-config']
------------------------------------------------------------------
Checking for 'gtk+-2.0' >= 2.12
['/usr/bin/pkg-config', '--atleast-version=2.12', 'gtk+-2.0']
not found
from /home/jgottard/ns-3/ns-3.26/src/config-store: The configuration failed
------------------------------------------------------------------
Checking for 'libxml-2.0' >= 2.7
['/usr/bin/pkg-config', '--atleast-version=2.7', 'libxml-2.0']
not found
from /home/jgottard/ns-3/ns-3.26/src/config-store: The configuration failed
------------------------------------------------------------------
Checking for type uint128_t
==>
#include <stdint.h>

int main(int argc, char **argv) {
	(void)argc; (void)argv;
	if ((uint128_t *) 0) return 0;
	if (sizeof (uint128_t)) return 0;
	return 1;
}

<==
[1/2] Compiling build/.conf_check_cb22ec6eab0e90456afa003a45b386e2/test.cpp

['/usr/bin/g++', '-Wall', '-std=c++11', '-DNS3_BUILD_PROFILE_DEBUG', '-DNS3_ASSERT_ENABLE', '-DNS3_LOG_ENABLE', '../test.cpp', '-c', '-o', '/home/jgottard/ns-3/ns-3.26/build/.conf_check_cb22ec6eab0e90456afa003a45b386e2/testbuild/test.cpp.1.o']
err: ../test.cpp: In function ‘int main(int, char**)’:
../test.cpp:5:7: error: ‘uint128_t’ was not declared in this scope
  if ((uint128_t *) 0) return 0;
       ^
../test.cpp:5:18: error: expected primary-expression before ‘)’ token
  if ((uint128_t *) 0) return 0;
                  ^
../test.cpp:5:20: error: expected ‘)’ before numeric constant
  if ((uint128_t *) 0) return 0;
                    ^
../test.cpp:6:14: error: ‘uint128_t’ was not declared in this scope
  if (sizeof (uint128_t)) return 0;
              ^

from /home/jgottard/ns-3/ns-3.26/src/core: Test does not build: Traceback (most recent call last):
  File "/home/jgottard/ns-3/ns-3.26/.waf-1.8.19-b1fc8f7baef51bd2db4c2971909a568d/waflib/Configure.py", line 335, in run_build
    bld.compile()
  File "/home/jgottard/ns-3/ns-3.26/.waf-1.8.19-b1fc8f7baef51bd2db4c2971909a568d/waflib/Build.py", line 185, in compile
    raise Errors.BuildError(self.producer.error)
BuildError: Build failed
 -> task in 'testprog' failed (exit status 1): 
	{task 140571328851472: cxx test.cpp -> test.cpp.1.o}
['/usr/bin/g++', '-Wall', '-std=c++11', '-DNS3_BUILD_PROFILE_DEBUG', '-DNS3_ASSERT_ENABLE', '-DNS3_LOG_ENABLE', '../test.cpp', '-c', '-o', '/home/jgottard/ns-3/ns-3.26/build/.conf_check_cb22ec6eab0e90456afa003a45b386e2/testbuild/test.cpp.1.o']

not found
from /home/jgottard/ns-3/ns-3.26/src/core: The configuration failed
------------------------------------------------------------------
Checking for type __uint128_t
==>
#include <stdint.h>

int main(int argc, char **argv) {
	(void)argc; (void)argv;
	if ((__uint128_t *) 0) return 0;
	if (sizeof (__uint128_t)) return 0;
	return 1;
}

<==
[1/2] Compiling build/.conf_check_9f6026b6ae62ef9099d89e5e908c474e/test.cpp

['/usr/bin/g++', '-Wall', '-std=c++11', '-DNS3_BUILD_PROFILE_DEBUG', '-DNS3_ASSERT_ENABLE', '-DNS3_LOG_ENABLE', '../test.cpp', '-c', '-o', '/home/jgottard/ns-3/ns-3.26/build/.conf_check_9f6026b6ae62ef9099d89e5e908c474e/testbuild/test.cpp.1.o']
[2/2] Linking build/.conf_check_9f6026b6ae62ef9099d89e5e908c474e/testbuild/testprog

['/usr/bin/g++', 'test.cpp.1.o', '-o', '/home/jgottard/ns-3/ns-3.26/build/.conf_check_9f6026b6ae62ef9099d89e5e908c474e/testbuild/testprog', '-Wl,-Bstatic', '-Wl,-Bdynamic']
yes
------------------------------------------------------------------
Checking high precision implementation
128-bit integer (default)
------------------------------------------------------------------
Checking for header stdint.h
==>
#include <stdint.h>

int main(int argc, char **argv) {
	(void)argc; (void)argv;
	return 0;
}

<==
[1/2] Compiling build/.conf_check_c3fafd9bfbd81e9da3dd4f0645ed28f5/test.cpp

['/usr/bin/g++', '-Wall', '-std=c++11', '-DNS3_BUILD_PROFILE_DEBUG', '-DNS3_ASSERT_ENABLE', '-DNS3_LOG_ENABLE', '-DHAVE___UINT128_T=1', '-DINT64X64_USE_128=1', '../test.cpp', '-c', '-o', '/home/jgottard/ns-3/ns-3.26/build/.conf_check_c3fafd9bfbd81e9da3dd4f0645ed28f5/testbuild/test.cpp.1.o']
[2/2] Linking build/.conf_check_c3fafd9bfbd81e9da3dd4f0645ed28f5/testbuild/testprog

['/usr/bin/g++', 'test.cpp.1.o', '-o', '/home/jgottard/ns-3/ns-3.26/build/.conf_check_c3fafd9bfbd81e9da3dd4f0645ed28f5/testbuild/testprog', '-Wl,-Bstatic', '-Wl,-Bdynamic']
yes
------------------------------------------------------------------
Checking for header inttypes.h
==>
#include <inttypes.h>

int main(int argc, char **argv) {
	(void)argc; (void)argv;
	return 0;
}

<==
[1/2] Compiling build/.conf_check_d41d4eefcf41e94508d0134c7338d463/test.cpp

['/usr/bin/g++', '-Wall', '-std=c++11', '-DNS3_BUILD_PROFILE_DEBUG', '-DNS3_ASSERT_ENABLE', '-DNS3_LOG_ENABLE', '-DHAVE___UINT128_T=1', '-DINT64X64_USE_128=1', '-DHAVE_STDINT_H=1', '../test.cpp', '-c', '-o', '/home/jgottard/ns-3/ns-3.26/build/.conf_check_d41d4eefcf41e94508d0134c7338d463/testbuild/test.cpp.1.o']
[2/2] Linking build/.conf_check_d41d4eefcf41e94508d0134c7338d463/testbuild/testprog

['/usr/bin/g++', 'test.cpp.1.o', '-o', '/home/jgottard/ns-3/ns-3.26/build/.conf_check_d41d4eefcf41e94508d0134c7338d463/testbuild/testprog', '-Wl,-Bstatic', '-Wl,-Bdynamic']
yes
------------------------------------------------------------------
Checking for header sys/inttypes.h
==>
#include <sys/inttypes.h>

int main(int argc, char **argv) {
	(void)argc; (void)argv;
	return 0;
}

<==
[1/2] Compiling build/.conf_check_c949fa086cd8e0758068bca543305435/test.cpp

['/usr/bin/g++', '-Wall', '-std=c++11', '-DNS3_BUILD_PROFILE_DEBUG', '-DNS3_ASSERT_ENABLE', '-DNS3_LOG_ENABLE', '-DHAVE___UINT128_T=1', '-DINT64X64_USE_128=1', '-DHAVE_STDINT_H=1', '-DHAVE_INTTYPES_H=1', '../test.cpp', '-c', '-o', '/home/jgottard/ns-3/ns-3.26/build/.conf_check_c949fa086cd8e0758068bca543305435/testbuild/test.cpp.1.o']
err: ../test.cpp:1:26: fatal error: sys/inttypes.h: No such file or directory
compilation terminated.

from /home/jgottard/ns-3/ns-3.26/src/core: Test does not build: Traceback (most recent call last):
  File "/home/jgottard/ns-3/ns-3.26/.waf-1.8.19-b1fc8f7baef51bd2db4c2971909a568d/waflib/Configure.py", line 335, in run_build
    bld.compile()
  File "/home/jgottard/ns-3/ns-3.26/.waf-1.8.19-b1fc8f7baef51bd2db4c2971909a568d/waflib/Build.py", line 185, in compile
    raise Errors.BuildError(self.producer.error)
BuildError: Build failed
 -> task in 'testprog' failed (exit status 1): 
	{task 140571328839312: cxx test.cpp -> test.cpp.1.o}
['/usr/bin/g++', '-Wall', '-std=c++11', '-DNS3_BUILD_PROFILE_DEBUG', '-DNS3_ASSERT_ENABLE', '-DNS3_LOG_ENABLE', '-DHAVE___UINT128_T=1', '-DINT64X64_USE_128=1', '-DHAVE_STDINT_H=1', '-DHAVE_INTTYPES_H=1', '../test.cpp', '-c', '-o', '/home/jgottard/ns-3/ns-3.26/build/.conf_check_c949fa086cd8e0758068bca543305435/testbuild/test.cpp.1.o']

not found
from /home/jgottard/ns-3/ns-3.26/src/core: The configuration failed
------------------------------------------------------------------
Checking for header sys/types.h
==>
#include <sys/types.h>

int main(int argc, char **argv) {
	(void)argc; (void)argv;
	return 0;
}

<==
[1/2] Compiling build/.conf_check_e354213523e9d367cc727f50c6164934/test.cpp

['/usr/bin/g++', '-Wall', '-std=c++11', '-DNS3_BUILD_PROFILE_DEBUG', '-DNS3_ASSERT_ENABLE', '-DNS3_LOG_ENABLE', '-DHAVE___UINT128_T=1', '-DINT64X64_USE_128=1', '-DHAVE_STDINT_H=1', '-DHAVE_INTTYPES_H=1', '../test.cpp', '-c', '-o', '/home/jgottard/ns-3/ns-3.26/build/.conf_check_e354213523e9d367cc727f50c6164934/testbuild/test.cpp.1.o']
[2/2] Linking build/.conf_check_e354213523e9d367cc727f50c6164934/testbuild/testprog

['/usr/bin/g++', 'test.cpp.1.o', '-o', '/home/jgottard/ns-3/ns-3.26/build/.conf_check_e354213523e9d367cc727f50c6164934/testbuild/testprog', '-Wl,-Bstatic', '-Wl,-Bdynamic']
yes
------------------------------------------------------------------
Checking for header sys/stat.h
==>
#include <sys/stat.h>

int main(int argc, char **argv) {
	(void)argc; (void)argv;
	return 0;
}

<==
[1/2] Compiling build/.conf_check_f8a80328225434e381afcdaadaab3b67/test.cpp

['/usr/bin/g++', '-Wall', '-std=c++11', '-DNS3_BUILD_PROFILE_DEBUG', '-DNS3_ASSERT_ENABLE', '-DNS3_LOG_ENABLE', '-DHAVE___UINT128_T=1', '-DINT64X64_USE_128=1', '-DHAVE_STDINT_H=1', '-DHAVE_INTTYPES_H=1', '-DHAVE_SYS_TYPES_H=1', '../test.cpp', '-c', '-o', '/home/jgottard/ns-3/ns-3.26/build/.conf_check_f8a80328225434e381afcdaadaab3b67/testbuild/test.cpp.1.o']
[2/2] Linking build/.conf_check_f8a80328225434e381afcdaadaab3b67/testbuild/testprog

['/usr/bin/g++', 'test.cpp.1.o', '-o', '/home/jgottard/ns-3/ns-3.26/build/.conf_check_f8a80328225434e381afcdaadaab3b67/testbuild/testprog', '-Wl,-Bstatic', '-Wl,-Bdynamic']
yes
------------------------------------------------------------------
Checking for header dirent.h
==>
#include <dirent.h>

int main(int argc, char **argv) {
	(void)argc; (void)argv;
	return 0;
}

<==
[1/2] Compiling build/.conf_check_6765a08dd41e400e90ead916110601ed/test.cpp

['/usr/bin/g++', '-Wall', '-std=c++11', '-DNS3_BUILD_PROFILE_DEBUG', '-DNS3_ASSERT_ENABLE', '-DNS3_LOG_ENABLE', '-DHAVE___UINT128_T=1', '-DINT64X64_USE_128=1', '-DHAVE_STDINT_H=1', '-DHAVE_INTTYPES_H=1', '-DHAVE_SYS_TYPES_H=1', '-DHAVE_SYS_STAT_H=1', '../test.cpp', '-c', '-o', '/home/jgottard/ns-3/ns-3.26/build/.conf_check_6765a08dd41e400e90ead916110601ed/testbuild/test.cpp.1.o']
[2/2] Linking build/.conf_check_6765a08dd41e400e90ead916110601ed/testbuild/testprog

['/usr/bin/g++', 'test.cpp.1.o', '-o', '/home/jgottard/ns-3/ns-3.26/build/.conf_check_6765a08dd41e400e90ead916110601ed/testbuild/testprog', '-Wl,-Bstatic', '-Wl,-Bdynamic']
yes
------------------------------------------------------------------
Checking for header stdlib.h
==>
#include <stdlib.h>

int main(int argc, char **argv) {
	(void)argc; (void)argv;
	return 0;
}

<==
[1/2] Compiling build/.conf_check_93a138884677c1d0dd2ffcada65ac6e8/test.cpp

['/usr/bin/g++', '-Wall', '-std=c++11', '-DNS3_BUILD_PROFILE_DEBUG', '-DNS3_ASSERT_ENABLE', '-DNS3_LOG_ENABLE', '-DHAVE___UINT128_T=1', '-DINT64X64_USE_128=1', '-DHAVE_STDINT_H=1', '-DHAVE_INTTYPES_H=1', '-DHAVE_SYS_TYPES_H=1', '-DHAVE_SYS_STAT_H=1', '-DHAVE_DIRENT_H=1', '../test.cpp', '-c', '-o', '/home/jgottard/ns-3/ns-3.26/build/.conf_check_93a138884677c1d0dd2ffcada65ac6e8/testbuild/test.cpp.1.o']
[2/2] Linking build/.conf_check_93a138884677c1d0dd2ffcada65ac6e8/testbuild/testprog

['/usr/bin/g++', 'test.cpp.1.o', '-o', '/home/jgottard/ns-3/ns-3.26/build/.conf_check_93a138884677c1d0dd2ffcada65ac6e8/testbuild/testprog', '-Wl,-Bstatic', '-Wl,-Bdynamic']
yes
------------------------------------------------------------------
Checking for header signal.h
==>
#include <signal.h>

int main(int argc, char **argv) {
	(void)argc; (void)argv;
	return 0;
}

<==
[1/2] Compiling build/.conf_check_26e6ded4ff1c9f76dfb545d45f6535b3/test.cpp

['/usr/bin/g++', '-Wall', '-std=c++11', '-DNS3_BUILD_PROFILE_DEBUG', '-DNS3_ASSERT_ENABLE', '-DNS3_LOG_ENABLE', '-DHAVE___UINT128_T=1', '-DINT64X64_USE_128=1', '-DHAVE_STDINT_H=1', '-DHAVE_INTTYPES_H=1', '-DHAVE_SYS_TYPES_H=1', '-DHAVE_SYS_STAT_H=1', '-DHAVE_DIRENT_H=1', '-DHAVE_STDLIB_H=1', '-DHAVE_GETENV=1', '../test.cpp', '-c', '-o', '/home/jgottard/ns-3/ns-3.26/build/.conf_check_26e6ded4ff1c9f76dfb545d45f6535b3/testbuild/test.cpp.1.o']
[2/2] Linking build/.conf_check_26e6ded4ff1c9f76dfb545d45f6535b3/testbuild/testprog

['/usr/bin/g++', 'test.cpp.1.o', '-o', '/home/jgottard/ns-3/ns-3.26/build/.conf_check_26e6ded4ff1c9f76dfb545d45f6535b3/testbuild/testprog', '-Wl,-Bstatic', '-Wl,-Bdynamic']
yes
------------------------------------------------------------------
Checking for header pthread.h
==>

#include <pthread.h>
int main ()
{
   pthread_mutex_t m;
   pthread_mutex_init (&m, NULL);
   return 0;
}

<==
[1/2] Compiling build/.conf_check_04c83f764c63d05ab2d6d67fc0c7117d/test.cpp

['/usr/bin/g++', '-Wall', '-std=c++11', '-pthread', '-DNS3_BUILD_PROFILE_DEBUG', '-DNS3_ASSERT_ENABLE', '-DNS3_LOG_ENABLE', '-DHAVE___UINT128_T=1', '-DINT64X64_USE_128=1', '-DHAVE_STDINT_H=1', '-DHAVE_INTTYPES_H=1', '-DHAVE_SYS_TYPES_H=1', '-DHAVE_SYS_STAT_H=1', '-DHAVE_DIRENT_H=1', '-DHAVE_STDLIB_H=1', '-DHAVE_GETENV=1', '-DHAVE_SIGNAL_H=1', '../test.cpp', '-c', '-o', '/home/jgottard/ns-3/ns-3.26/build/.conf_check_04c83f764c63d05ab2d6d67fc0c7117d/testbuild/test.cpp.1.o']
[2/2] Linking build/.conf_check_04c83f764c63d05ab2d6d67fc0c7117d/testbuild/testprog

['/usr/bin/g++', '-pthread', 'test.cpp.1.o', '-o', '/home/jgottard/ns-3/ns-3.26/build/.conf_check_04c83f764c63d05ab2d6d67fc0c7117d/testbuild/testprog', '-Wl,-Bstatic', '-Wl,-Bdynamic']
yes
------------------------------------------------------------------
Checking for header stdint.h
==>
#include <stdint.h>

int main(int argc, char **argv) {
	(void)argc; (void)argv;
	return 0;
}

<==
[1/2] Compiling build/.conf_check_c3fafd9bfbd81e9da3dd4f0645ed28f5/test.cpp

['/usr/bin/g++', '-Wall', '-std=c++11', '-DNS3_BUILD_PROFILE_DEBUG', '-DNS3_ASSERT_ENABLE', '-DNS3_LOG_ENABLE', '-DHAVE___UINT128_T=1', '-DINT64X64_USE_128=1', '-DHAVE_INTTYPES_H=1', '-DHAVE_SYS_TYPES_H=1', '-DHAVE_SYS_STAT_H=1', '-DHAVE_DIRENT_H=1', '-DHAVE_STDLIB_H=1', '-DHAVE_GETENV=1', '-DHAVE_SIGNAL_H=1', '-DHAVE_PTHREAD_H=1', '../test.cpp', '-c', '-o', '/home/jgottard/ns-3/ns-3.26/build/.conf_check_c3fafd9bfbd81e9da3dd4f0645ed28f5/testbuild/test.cpp.1.o']
[2/2] Linking build/.conf_check_c3fafd9bfbd81e9da3dd4f0645ed28f5/testbuild/testprog

['/usr/bin/g++', 'test.cpp.1.o', '-o', '/home/jgottard/ns-3/ns-3.26/build/.conf_check_c3fafd9bfbd81e9da3dd4f0645ed28f5/testbuild/testprog', '-Wl,-Bstatic', '-Wl,-Bdynamic']
yes
------------------------------------------------------------------
Checking for header inttypes.h
==>
#include <inttypes.h>

int main(int argc, char **argv) {
	(void)argc; (void)argv;
	return 0;
}

<==
[1/2] Compiling build/.conf_check_d41d4eefcf41e94508d0134c7338d463/test.cpp

['/usr/bin/g++', '-Wall', '-std=c++11', '-DNS3_BUILD_PROFILE_DEBUG', '-DNS3_ASSERT_ENABLE', '-DNS3_LOG_ENABLE', '-DHAVE___UINT128_T=1', '-DINT64X64_USE_128=1', '-DHAVE_SYS_TYPES_H=1', '-DHAVE_SYS_STAT_H=1', '-DHAVE_DIRENT_H=1', '-DHAVE_STDLIB_H=1', '-DHAVE_GETENV=1', '-DHAVE_SIGNAL_H=1', '-DHAVE_PTHREAD_H=1', '-DHAVE_STDINT_H=1', '../test.cpp', '-c', '-o', '/home/jgottard/ns-3/ns-3.26/build/.conf_check_d41d4eefcf41e94508d0134c7338d463/testbuild/test.cpp.1.o']
[2/2] Linking build/.conf_check_d41d4eefcf41e94508d0134c7338d463/testbuild/testprog

['/usr/bin/g++', 'test.cpp.1.o', '-o', '/home/jgottard/ns-3/ns-3.26/build/.conf_check_d41d4eefcf41e94508d0134c7338d463/testbuild/testprog', '-Wl,-Bstatic', '-Wl,-Bdynamic']
yes
------------------------------------------------------------------
Checking for header sys/inttypes.h
==>
#include <sys/inttypes.h>

int main(int argc, char **argv) {
	(void)argc; (void)argv;
	return 0;
}

<==
[1/2] Compiling build/.conf_check_c949fa086cd8e0758068bca543305435/test.cpp

['/usr/bin/g++', '-Wall', '-std=c++11', '-DNS3_BUILD_PROFILE_DEBUG', '-DNS3_ASSERT_ENABLE', '-DNS3_LOG_ENABLE', '-DHAVE___UINT128_T=1', '-DINT64X64_USE_128=1', '-DHAVE_SYS_TYPES_H=1', '-DHAVE_SYS_STAT_H=1', '-DHAVE_DIRENT_H=1', '-DHAVE_STDLIB_H=1', '-DHAVE_GETENV=1', '-DHAVE_SIGNAL_H=1', '-DHAVE_PTHREAD_H=1', '-DHAVE_STDINT_H=1', '-DHAVE_INTTYPES_H=1', '../test.cpp', '-c', '-o', '/home/jgottard/ns-3/ns-3.26/build/.conf_check_c949fa086cd8e0758068bca543305435/testbuild/test.cpp.1.o']
err: ../test.cpp:1:26: fatal error: sys/inttypes.h: No such file or directory
compilation terminated.

from /home/jgottard/ns-3/ns-3.26/src/core: Test does not build: Traceback (most recent call last):
  File "/home/jgottard/ns-3/ns-3.26/.waf-1.8.19-b1fc8f7baef51bd2db4c2971909a568d/waflib/Configure.py", line 335, in run_build
    bld.compile()
  File "/home/jgottard/ns-3/ns-3.26/.waf-1.8.19-b1fc8f7baef51bd2db4c2971909a568d/waflib/Build.py", line 185, in compile
    raise Errors.BuildError(self.producer.error)
BuildError: Build failed
 -> task in 'testprog' failed (exit status 1): 
	{task 140571328660368: cxx test.cpp -> test.cpp.1.o}
['/usr/bin/g++', '-Wall', '-std=c++11', '-DNS3_BUILD_PROFILE_DEBUG', '-DNS3_ASSERT_ENABLE', '-DNS3_LOG_ENABLE', '-DHAVE___UINT128_T=1', '-DINT64X64_USE_128=1', '-DHAVE_SYS_TYPES_H=1', '-DHAVE_SYS_STAT_H=1', '-DHAVE_DIRENT_H=1', '-DHAVE_STDLIB_H=1', '-DHAVE_GETENV=1', '-DHAVE_SIGNAL_H=1', '-DHAVE_PTHREAD_H=1', '-DHAVE_STDINT_H=1', '-DHAVE_INTTYPES_H=1', '../test.cpp', '-c', '-o', '/home/jgottard/ns-3/ns-3.26/build/.conf_check_c949fa086cd8e0758068bca543305435/testbuild/test.cpp.1.o']

not found
from /home/jgottard/ns-3/ns-3.26/src/core: The configuration failed
------------------------------------------------------------------
Checking for library rt
==>

int main(int argc, char **argv) {
	(void)argc; (void)argv;
	return 0;
}

<==
[1/2] Compiling build/.conf_check_853983bb1479eed46fe7cf9c094075db/test.cpp

['/usr/bin/g++', '-Wall', '-std=c++11', '-pthread', '-DNS3_BUILD_PROFILE_DEBUG', '-DNS3_ASSERT_ENABLE', '-DNS3_LOG_ENABLE', '-DHAVE___UINT128_T=1', '-DINT64X64_USE_128=1', '-DHAVE_SYS_TYPES_H=1', '-DHAVE_SYS_STAT_H=1', '-DHAVE_DIRENT_H=1', '-DHAVE_STDLIB_H=1', '-DHAVE_GETENV=1', '-DHAVE_SIGNAL_H=1', '-DHAVE_PTHREAD_H=1', '-DHAVE_STDINT_H=1', '-DHAVE_INTTYPES_H=1', '../test.cpp', '-c', '-o', '/home/jgottard/ns-3/ns-3.26/build/.conf_check_853983bb1479eed46fe7cf9c094075db/testbuild/test.cpp.1.o']
[2/2] Linking build/.conf_check_853983bb1479eed46fe7cf9c094075db/testbuild/testprog

['/usr/bin/g++', '-pthread', 'test.cpp.1.o', '-o', '/home/jgottard/ns-3/ns-3.26/build/.conf_check_853983bb1479eed46fe7cf9c094075db/testbuild/testprog', '-Wl,-Bstatic', '-Wl,-Bdynamic', '-lrt']
yes
------------------------------------------------------------------
Checking for header sys/ioctl.h
==>
#include <sys/ioctl.h>

int main(int argc, char **argv) {
	(void)argc; (void)argv;
	return 0;
}

<==
[1/2] Compiling build/.conf_check_797ce805739ade132c077078e2a7d895/test.cpp

['/usr/bin/g++', '-Wall', '-std=c++11', '-DNS3_BUILD_PROFILE_DEBUG', '-DNS3_ASSERT_ENABLE', '-DNS3_LOG_ENABLE', '../test.cpp', '-c', '-o', '/home/jgottard/ns-3/ns-3.26/build/.conf_check_797ce805739ade132c077078e2a7d895/testbuild/test.cpp.1.o']
[2/2] Linking build/.conf_check_797ce805739ade132c077078e2a7d895/testbuild/testprog

['/usr/bin/g++', 'test.cpp.1.o', '-o', '/home/jgottard/ns-3/ns-3.26/build/.conf_check_797ce805739ade132c077078e2a7d895/testbuild/testprog', '-Wl,-Bstatic', '-Wl,-Bdynamic']
yes
------------------------------------------------------------------
Checking for header net/if.h
==>
#include <net/if.h>

int main(int argc, char **argv) {
	(void)argc; (void)argv;
	return 0;
}

<==
[1/2] Compiling build/.conf_check_ee116f3ab1990fc3b1d46fae09683818/test.cpp

['/usr/bin/g++', '-Wall', '-std=c++11', '-DNS3_BUILD_PROFILE_DEBUG', '-DNS3_ASSERT_ENABLE', '-DNS3_LOG_ENABLE', '-DHAVE_SYS_IOCTL_H=1', '../test.cpp', '-c', '-o', '/home/jgottard/ns-3/ns-3.26/build/.conf_check_ee116f3ab1990fc3b1d46fae09683818/testbuild/test.cpp.1.o']
[2/2] Linking build/.conf_check_ee116f3ab1990fc3b1d46fae09683818/testbuild/testprog

['/usr/bin/g++', 'test.cpp.1.o', '-o', '/home/jgottard/ns-3/ns-3.26/build/.conf_check_ee116f3ab1990fc3b1d46fae09683818/testbuild/testprog', '-Wl,-Bstatic', '-Wl,-Bdynamic']
yes
------------------------------------------------------------------
Checking for header net/ethernet.h
==>
#include <net/ethernet.h>

int main(int argc, char **argv) {
	(void)argc; (void)argv;
	return 0;
}

<==
[1/2] Compiling build/.conf_check_1169da7ba90fdec3ff00cf4f44225a41/test.cpp

['/usr/bin/g++', '-Wall', '-std=c++11', '-DNS3_BUILD_PROFILE_DEBUG', '-DNS3_ASSERT_ENABLE', '-DNS3_LOG_ENABLE', '-DHAVE_SYS_IOCTL_H=1', '-DHAVE_IF_NETS_H=1', '../test.cpp', '-c', '-o', '/home/jgottard/ns-3/ns-3.26/build/.conf_check_1169da7ba90fdec3ff00cf4f44225a41/testbuild/test.cpp.1.o']
[2/2] Linking build/.conf_check_1169da7ba90fdec3ff00cf4f44225a41/testbuild/testprog

['/usr/bin/g++', 'test.cpp.1.o', '-o', '/home/jgottard/ns-3/ns-3.26/build/.conf_check_1169da7ba90fdec3ff00cf4f44225a41/testbuild/testprog', '-Wl,-Bstatic', '-Wl,-Bdynamic']
yes
------------------------------------------------------------------
Checking for header linux/if_tun.h
==>
#include <linux/if_tun.h>

int main(int argc, char **argv) {
	(void)argc; (void)argv;
	return 0;
}

<==
[1/2] Compiling build/.conf_check_d0fe6520fcb93a01c2d7b53b73687c49/test.cpp

['/usr/bin/g++', '-Wall', '-std=c++11', '-DNS3_BUILD_PROFILE_DEBUG', '-DNS3_ASSERT_ENABLE', '-DNS3_LOG_ENABLE', '-DHAVE_SYS_IOCTL_H=1', '-DHAVE_IF_NETS_H=1', '-DHAVE_NET_ETHERNET_H=1', '../test.cpp', '-c', '-o', '/home/jgottard/ns-3/ns-3.26/build/.conf_check_d0fe6520fcb93a01c2d7b53b73687c49/testbuild/test.cpp.1.o']
[2/2] Linking build/.conf_check_d0fe6520fcb93a01c2d7b53b73687c49/testbuild/testprog

['/usr/bin/g++', 'test.cpp.1.o', '-o', '/home/jgottard/ns-3/ns-3.26/build/.conf_check_d0fe6520fcb93a01c2d7b53b73687c49/testbuild/testprog', '-Wl,-Bstatic', '-Wl,-Bdynamic']
yes
------------------------------------------------------------------
Checking for header netpacket/packet.h
==>
#include <netpacket/packet.h>

int main(int argc, char **argv) {
	(void)argc; (void)argv;
	return 0;
}

<==
[1/2] Compiling build/.conf_check_f5dbb306b58b74a8753c177ff02d9a30/test.cpp

['/usr/bin/g++', '-Wall', '-std=c++11', '-DNS3_BUILD_PROFILE_DEBUG', '-DNS3_ASSERT_ENABLE', '-DNS3_LOG_ENABLE', '-DHAVE_SYS_IOCTL_H=1', '-DHAVE_IF_NETS_H=1', '-DHAVE_NET_ETHERNET_H=1', '-DHAVE_IF_TUN_H=1', '../test.cpp', '-c', '-o', '/home/jgottard/ns-3/ns-3.26/build/.conf_check_f5dbb306b58b74a8753c177ff02d9a30/testbuild/test.cpp.1.o']
[2/2] Linking build/.conf_check_f5dbb306b58b74a8753c177ff02d9a30/testbuild/testprog

['/usr/bin/g++', 'test.cpp.1.o', '-o', '/home/jgottard/ns-3/ns-3.26/build/.conf_check_f5dbb306b58b74a8753c177ff02d9a30/testbuild/testprog', '-Wl,-Bstatic', '-Wl,-Bdynamic']
yes
------------------------------------------------------------------
Checking for NSC location
not found
------------------------------------------------------------------
Checking for 'sqlite3'
['/usr/bin/pkg-config', '--cflags', '--libs', 'sqlite3']
err: Package sqlite3 was not found in the pkg-config search path.
Perhaps you should add the directory containing `sqlite3.pc'
to the PKG_CONFIG_PATH environment variable
No package 'sqlite3' found

not found
from /home/jgottard/ns-3/ns-3.26/src/stats: The configuration failed
------------------------------------------------------------------
Checking for header linux/if_tun.h
==>
#include <linux/if_tun.h>

int main(int argc, char **argv) {
	(void)argc; (void)argv;
	return 0;
}

<==
[1/2] Compiling build/.conf_check_d0fe6520fcb93a01c2d7b53b73687c49/test.cpp

['/usr/bin/g++', '-Wall', '-std=c++11', '-Wall', '-std=c++0x', '-frounding-math', '-I/home/jgottard/ns-3/CGAL_4_11/include/', '-I/home/jgottard/ns-3/mpfr_4_0_1/include', '-I/home/jgottard/ns-3/gmp_6_1_2/include', '-I/home/jgottard/ns-3/boost_1_54_0/include', '-DNS3_BUILD_PROFILE_DEBUG', '-DNS3_ASSERT_ENABLE', '-DNS3_LOG_ENABLE', '-DHAVE_SYS_IOCTL_H=1', '-DHAVE_IF_NETS_H=1', '-DHAVE_NET_ETHERNET_H=1', '-DHAVE_PACKET_H=1', '../test.cpp', '-c', '-o', '/home/jgottard/ns-3/ns-3.26/build/.conf_check_d0fe6520fcb93a01c2d7b53b73687c49/testbuild/test.cpp.1.o']
[2/2] Linking build/.conf_check_d0fe6520fcb93a01c2d7b53b73687c49/testbuild/testprog

['/usr/bin/g++', '-L/home/jgottard/ns-3/CGAL_4_11/lib', '-L/home/jgottard/ns-3/gmp_6_1_2/lib', '-L/home/jgottard/ns-3/mpfr_4_0_1/lib', '-L/home/jgottard/ns-3/boost_1_54_0/lib', '-lboost_system', 'test.cpp.1.o', '-o', '/home/jgottard/ns-3/ns-3.26/build/.conf_check_d0fe6520fcb93a01c2d7b53b73687c49/testbuild/testprog', '-Wl,-Bstatic', '-Wl,-Bdynamic', '-lCGAL', '-lCGAL_Core', '-lgmp', '-lmpfr', '-lboost_thread']
yes
------------------------------------------------------------------
Checking for python module 'gtk'
['/usr/bin/python', '-c', "\nimport gtk as current_module\nversion = getattr(current_module, '__version__', None)\nif version is not None:\n\tprint(str(version))\nelse:\n\tprint('unknown version')\n"]
out: unknown version

err: /usr/lib/python2.7/dist-packages/gtk-2.0/gtk/__init__.py:57: GtkWarning: could not open display
  warnings.warn(str(e), _gtk.Warning)

ok
------------------------------------------------------------------
Checking for python module 'goocanvas'
['/usr/bin/python', '-c', "\nimport goocanvas as current_module\nversion = getattr(current_module, '__version__', None)\nif version is not None:\n\tprint(str(version))\nelse:\n\tprint('unknown version')\n"]
err: Traceback (most recent call last):
  File "<string>", line 2, in <module>
ImportError: No module named goocanvas

not found
from /home/jgottard/ns-3/ns-3.26/src/visualizer: Could not find the python module 'goocanvas'
------------------------------------------------------------------
Checking for python module 'pygraphviz'
['/usr/bin/python', '-c', "\nimport pygraphviz as current_module\nversion = getattr(current_module, '__version__', None)\nif version is not None:\n\tprint(str(version))\nelse:\n\tprint('unknown version')\n"]
err: Traceback (most recent call last):
  File "<string>", line 2, in <module>
ImportError: No module named pygraphviz

not found
from /home/jgottard/ns-3/ns-3.26/src/visualizer: Could not find the python module 'pygraphviz'
------------------------------------------------------------------
Checking for program 'sudo'
/usr/bin/sudo
find program=['sudo'] paths=['/home/jgottard/ns-3/ns-3.26/build/src/fd-net-device', '/home/jgottard/ns-3/ns-3.26/build/src/tap-bridge', '/home/jgottard/ns-3/ns-3.26', '/export/alt/torque/bin', '/export/alt/torque/sbin', '/usr/lib/jvm/java-6-openjdk/bin', '/usr/share/ant/bin', '/export/alt/condor/bin', '/usr/local/cuda/bin', '/bin', '/usr/bin'] var='SUDO' -> ['/usr/bin/sudo']
------------------------------------------------------------------
Checking for program 'valgrind'
not found
find program=['valgrind'] paths=['/home/jgottard/ns-3/ns-3.26/build/src/fd-net-device', '/home/jgottard/ns-3/ns-3.26/build/src/tap-bridge', '/home/jgottard/ns-3/ns-3.26', '/export/alt/torque/bin', '/export/alt/torque/sbin', '/usr/lib/jvm/java-6-openjdk/bin', '/usr/share/ant/bin', '/export/alt/condor/bin', '/usr/local/cuda/bin', '/bin', '/usr/bin'] var='VALGRIND' -> None
from /home/jgottard/ns-3/ns-3.26: Could not find the program ['valgrind']
------------------------------------------------------------------
Checking for 'gsl'
['/usr/bin/pkg-config', '--cflags', '--libs', 'gsl']
err: Package gsl was not found in the pkg-config search path.
Perhaps you should add the directory containing `gsl.pc'
to the PKG_CONFIG_PATH environment variable
No package 'gsl' found

not found
from /home/jgottard/ns-3/ns-3.26: The configuration failed
------------------------------------------------------------------
python-config
not found
find program=['libgcrypt-config'] paths=['/home/jgottard/ns-3/ns-3.26/build/src/fd-net-device', '/home/jgottard/ns-3/ns-3.26/build/src/tap-bridge', '/home/jgottard/ns-3/ns-3.26', '/export/alt/torque/bin', '/export/alt/torque/sbin', '/usr/lib/jvm/java-6-openjdk/bin', '/usr/share/ant/bin', '/export/alt/condor/bin', '/usr/local/cuda/bin', '/bin', '/usr/bin'] var='LIBGCRYPT_CONFIG' -> None
from /home/jgottard/ns-3/ns-3.26: Could not find the program ['libgcrypt-config']
------------------------------------------------------------------
Checking for compilation flag -Wno-error=deprecated-d... support
==>
int main() { return 0; }
<==
[1/1] Compiling build/.conf_check_5cd6ee52e34feb697e1a944fc3350100/test.c

['/usr/bin/gcc', '-Wno-error=deprecated-declarations', '-DNS3_BUILD_PROFILE_DEBUG', '-DNS3_ASSERT_ENABLE', '-DNS3_LOG_ENABLE', '-DHAVE_SYS_IOCTL_H=1', '-DHAVE_IF_NETS_H=1', '-DHAVE_NET_ETHERNET_H=1', '-DHAVE_PACKET_H=1', '-DHAVE_IF_TUN_H=1', '../test.c', '-c', '-o', '/home/jgottard/ns-3/ns-3.26/build/.conf_check_5cd6ee52e34feb697e1a944fc3350100/testbuild/test.c.1.o']
ok
------------------------------------------------------------------
Checking for compilation flag -fstrict-aliasing support
==>
int main() { return 0; }
<==
[1/1] Compiling build/.conf_check_5cd6ee52e34feb697e1a944fc3350100/test.c

['/usr/bin/gcc', '-fstrict-aliasing', '-DNS3_BUILD_PROFILE_DEBUG', '-DNS3_ASSERT_ENABLE', '-DNS3_LOG_ENABLE', '-DHAVE_SYS_IOCTL_H=1', '-DHAVE_IF_NETS_H=1', '-DHAVE_NET_ETHERNET_H=1', '-DHAVE_PACKET_H=1', '-DHAVE_IF_TUN_H=1', '../test.c', '-c', '-o', '/home/jgottard/ns-3/ns-3.26/build/.conf_check_5cd6ee52e34feb697e1a944fc3350100/testbuild/test.c.1.o']
ok
------------------------------------------------------------------
Checking for compilation flag -Wstrict-aliasing support
==>
int main() { return 0; }
<==
[1/1] Compiling build/.conf_check_5cd6ee52e34feb697e1a944fc3350100/test.c

['/usr/bin/gcc', '-Wstrict-aliasing', '-DNS3_BUILD_PROFILE_DEBUG', '-DNS3_ASSERT_ENABLE', '-DNS3_LOG_ENABLE', '-DHAVE_SYS_IOCTL_H=1', '-DHAVE_IF_NETS_H=1', '-DHAVE_NET_ETHERNET_H=1', '-DHAVE_PACKET_H=1', '-DHAVE_IF_TUN_H=1', '../test.c', '-c', '-o', '/home/jgottard/ns-3/ns-3.26/build/.conf_check_5cd6ee52e34feb697e1a944fc3350100/testbuild/test.c.1.o']
ok
------------------------------------------------------------------
Checking for program 'doxygen'
not found
find program=['doxygen'] paths=['/home/jgottard/ns-3/ns-3.26/build/src/fd-net-device', '/home/jgottard/ns-3/ns-3.26/build/src/tap-bridge', '/home/jgottard/ns-3/ns-3.26', '/export/alt/torque/bin', '/export/alt/torque/sbin', '/usr/lib/jvm/java-6-openjdk/bin', '/usr/share/ant/bin', '/export/alt/condor/bin', '/usr/local/cuda/bin', '/bin', '/usr/bin'] var='DOXYGEN' -> None
from /home/jgottard/ns-3/ns-3.26: Could not find the program ['doxygen']
